{"/Users/prithwish.samanta/workspace/SwiftCloud/services/trends-service/src/db.js": {"path":"/Users/prithwish.samanta/workspace/SwiftCloud/services/trends-service/src/db.js","statementMap":{"0":{"start":{"line":1,"column":17},"end":{"line":1,"column":36}},"1":{"start":{"line":3,"column":19},"end":{"line":11,"column":2}},"2":{"start":{"line":13,"column":20},"end":{"line":20,"column":2}},"3":{"start":{"line":22,"column":21},"end":{"line":28,"column":2}},"4":{"start":{"line":30,"column":13},"end":{"line":30,"column":47}},"5":{"start":{"line":31,"column":14},"end":{"line":31,"column":50}},"6":{"start":{"line":32,"column":15},"end":{"line":32,"column":53}},"7":{"start":{"line":34,"column":18},"end":{"line":37,"column":1}},"8":{"start":{"line":35,"column":2},"end":{"line":35,"column":65}},"9":{"start":{"line":36,"column":2},"end":{"line":36,"column":38}},"10":{"start":{"line":39,"column":0},"end":{"line":39,"column":52}}},"fnMap":{"0":{"name":"(anonymous_0)","decl":{"start":{"line":34,"column":18},"end":{"line":34,"column":19}},"loc":{"start":{"line":34,"column":30},"end":{"line":37,"column":1}},"line":34}},"branchMap":{},"s":{"0":1,"1":1,"2":1,"3":1,"4":1,"5":1,"6":1,"7":1,"8":0,"9":0,"10":1},"f":{"0":0},"b":{},"_coverageSchema":"1a1c01bbd47fc00a2c39e90264f33305004495a9","hash":"452ec0bb589bd95bc2268f9fb45c53f0f74ebed4"}
,"/Users/prithwish.samanta/workspace/SwiftCloud/services/trends-service/src/server.js": {"path":"/Users/prithwish.samanta/workspace/SwiftCloud/services/trends-service/src/server.js","statementMap":{"0":{"start":{"line":1,"column":13},"end":{"line":1,"column":37}},"1":{"start":{"line":2,"column":20},"end":{"line":2,"column":49}},"2":{"start":{"line":3,"column":13},"end":{"line":3,"column":28}},"3":{"start":{"line":4,"column":22},"end":{"line":4,"column":49}},"4":{"start":{"line":5,"column":22},"end":{"line":5,"column":37}},"5":{"start":{"line":7,"column":19},"end":{"line":7,"column":72}},"6":{"start":{"line":9,"column":26},"end":{"line":15,"column":2}},"7":{"start":{"line":17,"column":19},"end":{"line":17,"column":70}},"8":{"start":{"line":19,"column":15},"end":{"line":19,"column":32}},"9":{"start":{"line":21,"column":0},"end":{"line":21,"column":66}},"10":{"start":{"line":23,"column":0},"end":{"line":34,"column":3}},"11":{"start":{"line":24,"column":2},"end":{"line":31,"column":5}},"12":{"start":{"line":25,"column":4},"end":{"line":28,"column":5}},"13":{"start":{"line":26,"column":6},"end":{"line":26,"column":25}},"14":{"start":{"line":27,"column":6},"end":{"line":27,"column":13}},"15":{"start":{"line":29,"column":4},"end":{"line":29,"column":57}},"16":{"start":{"line":30,"column":4},"end":{"line":30,"column":19}},"17":{"start":{"line":33,"column":2},"end":{"line":33,"column":54}}},"fnMap":{"0":{"name":"(anonymous_0)","decl":{"start":{"line":23,"column":17},"end":{"line":23,"column":18}},"loc":{"start":{"line":23,"column":23},"end":{"line":32,"column":1}},"line":23},"1":{"name":"(anonymous_1)","decl":{"start":{"line":24,"column":76},"end":{"line":24,"column":77}},"loc":{"start":{"line":24,"column":91},"end":{"line":31,"column":3}},"line":24},"2":{"name":"(anonymous_2)","decl":{"start":{"line":32,"column":9},"end":{"line":32,"column":10}},"loc":{"start":{"line":32,"column":16},"end":{"line":34,"column":1}},"line":32}},"branchMap":{"0":{"loc":{"start":{"line":25,"column":4},"end":{"line":28,"column":5}},"type":"if","locations":[{"start":{"line":25,"column":4},"end":{"line":28,"column":5}},{"start":{},"end":{}}],"line":25}},"s":{"0":0,"1":0,"2":0,"3":0,"4":0,"5":0,"6":0,"7":0,"8":0,"9":0,"10":0,"11":0,"12":0,"13":0,"14":0,"15":0,"16":0,"17":0},"f":{"0":0,"1":0,"2":0},"b":{"0":[0,0]}}
,"/Users/prithwish.samanta/workspace/SwiftCloud/services/trends-service/src/trends-service.js": {"path":"/Users/prithwish.samanta/workspace/SwiftCloud/services/trends-service/src/trends-service.js","statementMap":{"0":{"start":{"line":1,"column":32},"end":{"line":1,"column":47}},"1":{"start":{"line":2,"column":13},"end":{"line":2,"column":37}},"2":{"start":{"line":3,"column":15},"end":{"line":3,"column":32}},"3":{"start":{"line":4,"column":33},"end":{"line":4,"column":70}},"4":{"start":{"line":6,"column":21},"end":{"line":507,"column":1}},"5":{"start":{"line":8,"column":4},"end":{"line":17,"column":5}},"6":{"start":{"line":9,"column":6},"end":{"line":9,"column":63}},"7":{"start":{"line":11,"column":6},"end":{"line":11,"column":48}},"8":{"start":{"line":12,"column":6},"end":{"line":16,"column":9}},"9":{"start":{"line":21,"column":4},"end":{"line":130,"column":5}},"10":{"start":{"line":22,"column":31},"end":{"line":25,"column":8}},"11":{"start":{"line":27,"column":25},"end":{"line":27,"column":84}},"12":{"start":{"line":28,"column":24},"end":{"line":28,"column":51}},"13":{"start":{"line":30,"column":25},"end":{"line":71,"column":8}},"14":{"start":{"line":73,"column":21},"end":{"line":121,"column":7}},"15":{"start":{"line":77,"column":25},"end":{"line":77,"column":68}},"16":{"start":{"line":77,"column":53},"end":{"line":77,"column":60}},"17":{"start":{"line":78,"column":34},"end":{"line":78,"column":91}},"18":{"start":{"line":78,"column":63},"end":{"line":78,"column":84}},"19":{"start":{"line":79,"column":33},"end":{"line":79,"column":106}},"20":{"start":{"line":79,"column":62},"end":{"line":79,"column":99}},"21":{"start":{"line":80,"column":37},"end":{"line":82,"column":15}},"22":{"start":{"line":84,"column":27},"end":{"line":92,"column":16}},"23":{"start":{"line":85,"column":12},"end":{"line":90,"column":15}},"24":{"start":{"line":86,"column":14},"end":{"line":88,"column":15}},"25":{"start":{"line":87,"column":16},"end":{"line":87,"column":76}},"26":{"start":{"line":89,"column":14},"end":{"line":89,"column":71}},"27":{"start":{"line":91,"column":12},"end":{"line":91,"column":23}},"28":{"start":{"line":94,"column":27},"end":{"line":111,"column":25}},"29":{"start":{"line":96,"column":33},"end":{"line":96,"column":70}},"30":{"start":{"line":97,"column":33},"end":{"line":97,"column":104}},"31":{"start":{"line":97,"column":89},"end":{"line":97,"column":100}},"32":{"start":{"line":98,"column":38},"end":{"line":98,"column":70}},"33":{"start":{"line":99,"column":37},"end":{"line":99,"column":89}},"34":{"start":{"line":100,"column":37},"end":{"line":102,"column":19}},"35":{"start":{"line":104,"column":14},"end":{"line":108,"column":16}},"36":{"start":{"line":110,"column":28},"end":{"line":110,"column":45}},"37":{"start":{"line":113,"column":10},"end":{"line":119,"column":12}},"38":{"start":{"line":116,"column":106},"end":{"line":116,"column":130}},"39":{"start":{"line":123,"column":6},"end":{"line":123,"column":29}},"40":{"start":{"line":125,"column":6},"end":{"line":125,"column":57}},"41":{"start":{"line":126,"column":6},"end":{"line":129,"column":9}},"42":{"start":{"line":134,"column":39},"end":{"line":134,"column":51}},"43":{"start":{"line":135,"column":4},"end":{"line":294,"column":5}},"44":{"start":{"line":136,"column":8},"end":{"line":136,"column":98}},"45":{"start":{"line":138,"column":33},"end":{"line":138,"column":48}},"46":{"start":{"line":139,"column":31},"end":{"line":139,"column":44}},"47":{"start":{"line":141,"column":33},"end":{"line":167,"column":10}},"48":{"start":{"line":169,"column":8},"end":{"line":169,"column":79}},"49":{"start":{"line":171,"column":27},"end":{"line":171,"column":91}},"50":{"start":{"line":172,"column":26},"end":{"line":172,"column":53}},"51":{"start":{"line":174,"column":27},"end":{"line":233,"column":10}},"52":{"start":{"line":235,"column":23},"end":{"line":285,"column":9}},"53":{"start":{"line":241,"column":31},"end":{"line":241,"column":74}},"54":{"start":{"line":241,"column":59},"end":{"line":241,"column":66}},"55":{"start":{"line":242,"column":40},"end":{"line":242,"column":97}},"56":{"start":{"line":242,"column":69},"end":{"line":242,"column":90}},"57":{"start":{"line":243,"column":39},"end":{"line":243,"column":112}},"58":{"start":{"line":243,"column":68},"end":{"line":243,"column":105}},"59":{"start":{"line":244,"column":43},"end":{"line":246,"column":23}},"60":{"start":{"line":248,"column":33},"end":{"line":256,"column":22}},"61":{"start":{"line":249,"column":20},"end":{"line":254,"column":23}},"62":{"start":{"line":250,"column":24},"end":{"line":252,"column":25}},"63":{"start":{"line":251,"column":28},"end":{"line":251,"column":88}},"64":{"start":{"line":253,"column":24},"end":{"line":253,"column":81}},"65":{"start":{"line":255,"column":20},"end":{"line":255,"column":31}},"66":{"start":{"line":258,"column":33},"end":{"line":275,"column":33}},"67":{"start":{"line":260,"column":43},"end":{"line":260,"column":80}},"68":{"start":{"line":261,"column":43},"end":{"line":261,"column":114}},"69":{"start":{"line":261,"column":99},"end":{"line":261,"column":110}},"70":{"start":{"line":262,"column":48},"end":{"line":262,"column":80}},"71":{"start":{"line":263,"column":47},"end":{"line":263,"column":99}},"72":{"start":{"line":264,"column":47},"end":{"line":266,"column":31}},"73":{"start":{"line":268,"column":24},"end":{"line":272,"column":26}},"74":{"start":{"line":274,"column":36},"end":{"line":274,"column":53}},"75":{"start":{"line":277,"column":16},"end":{"line":283,"column":18}},"76":{"start":{"line":280,"column":114},"end":{"line":280,"column":138}},"77":{"start":{"line":287,"column":8},"end":{"line":287,"column":31}},"78":{"start":{"line":289,"column":8},"end":{"line":289,"column":60}},"79":{"start":{"line":290,"column":8},"end":{"line":293,"column":11}},"80":{"start":{"line":298,"column":23},"end":{"line":298,"column":35}},"81":{"start":{"line":299,"column":4},"end":{"line":362,"column":5}},"82":{"start":{"line":300,"column":27},"end":{"line":300,"column":43}},"83":{"start":{"line":301,"column":30},"end":{"line":301,"column":123}},"84":{"start":{"line":301,"column":71},"end":{"line":301,"column":122}},"85":{"start":{"line":303,"column":28},"end":{"line":346,"column":8}},"86":{"start":{"line":348,"column":35},"end":{"line":353,"column":9}},"87":{"start":{"line":348,"column":62},"end":{"line":353,"column":7}},"88":{"start":{"line":355,"column":6},"end":{"line":355,"column":54}},"89":{"start":{"line":357,"column":6},"end":{"line":357,"column":57}},"90":{"start":{"line":358,"column":6},"end":{"line":361,"column":9}},"91":{"start":{"line":366,"column":23},"end":{"line":366,"column":35}},"92":{"start":{"line":367,"column":4},"end":{"line":428,"column":5}},"93":{"start":{"line":368,"column":27},"end":{"line":368,"column":43}},"94":{"start":{"line":369,"column":30},"end":{"line":369,"column":123}},"95":{"start":{"line":369,"column":71},"end":{"line":369,"column":122}},"96":{"start":{"line":371,"column":30},"end":{"line":413,"column":8}},"97":{"start":{"line":415,"column":37},"end":{"line":419,"column":9}},"98":{"start":{"line":415,"column":68},"end":{"line":419,"column":7}},"99":{"start":{"line":421,"column":6},"end":{"line":421,"column":58}},"100":{"start":{"line":423,"column":6},"end":{"line":423,"column":59}},"101":{"start":{"line":424,"column":6},"end":{"line":427,"column":9}},"102":{"start":{"line":432,"column":23},"end":{"line":432,"column":35}},"103":{"start":{"line":434,"column":4},"end":{"line":439,"column":5}},"104":{"start":{"line":435,"column":6},"end":{"line":438,"column":9}},"105":{"start":{"line":441,"column":4},"end":{"line":505,"column":5}},"106":{"start":{"line":442,"column":27},"end":{"line":442,"column":43}},"107":{"start":{"line":443,"column":30},"end":{"line":443,"column":123}},"108":{"start":{"line":443,"column":71},"end":{"line":443,"column":122}},"109":{"start":{"line":445,"column":29},"end":{"line":489,"column":8}},"110":{"start":{"line":491,"column":36},"end":{"line":496,"column":9}},"111":{"start":{"line":491,"column":65},"end":{"line":496,"column":7}},"112":{"start":{"line":498,"column":6},"end":{"line":498,"column":56}},"113":{"start":{"line":500,"column":6},"end":{"line":500,"column":58}},"114":{"start":{"line":501,"column":6},"end":{"line":504,"column":9}},"115":{"start":{"line":509,"column":0},"end":{"line":509,"column":30}}},"fnMap":{"0":{"name":"(anonymous_0)","decl":{"start":{"line":7,"column":15},"end":{"line":7,"column":16}},"loc":{"start":{"line":7,"column":41},"end":{"line":18,"column":3}},"line":7},"1":{"name":"(anonymous_1)","decl":{"start":{"line":20,"column":20},"end":{"line":20,"column":21}},"loc":{"start":{"line":20,"column":46},"end":{"line":131,"column":3}},"line":20},"2":{"name":"(anonymous_2)","decl":{"start":{"line":76,"column":36},"end":{"line":76,"column":37}},"loc":{"start":{"line":76,"column":46},"end":{"line":120,"column":9}},"line":76},"3":{"name":"(anonymous_3)","decl":{"start":{"line":77,"column":48},"end":{"line":77,"column":49}},"loc":{"start":{"line":77,"column":53},"end":{"line":77,"column":60}},"line":77},"4":{"name":"(anonymous_4)","decl":{"start":{"line":78,"column":58},"end":{"line":78,"column":59}},"loc":{"start":{"line":78,"column":63},"end":{"line":78,"column":84}},"line":78},"5":{"name":"(anonymous_5)","decl":{"start":{"line":79,"column":57},"end":{"line":79,"column":58}},"loc":{"start":{"line":79,"column":62},"end":{"line":79,"column":99}},"line":79},"6":{"name":"(anonymous_6)","decl":{"start":{"line":84,"column":53},"end":{"line":84,"column":54}},"loc":{"start":{"line":84,"column":69},"end":{"line":92,"column":11}},"line":84},"7":{"name":"(anonymous_7)","decl":{"start":{"line":85,"column":32},"end":{"line":85,"column":33}},"loc":{"start":{"line":85,"column":40},"end":{"line":90,"column":13}},"line":85},"8":{"name":"(anonymous_8)","decl":{"start":{"line":95,"column":17},"end":{"line":95,"column":18}},"loc":{"start":{"line":95,"column":38},"end":{"line":109,"column":13}},"line":95},"9":{"name":"(anonymous_9)","decl":{"start":{"line":97,"column":73},"end":{"line":97,"column":74}},"loc":{"start":{"line":97,"column":89},"end":{"line":97,"column":100}},"line":97},"10":{"name":"(anonymous_10)","decl":{"start":{"line":110,"column":18},"end":{"line":110,"column":19}},"loc":{"start":{"line":110,"column":28},"end":{"line":110,"column":45}},"line":110},"11":{"name":"(anonymous_11)","decl":{"start":{"line":116,"column":90},"end":{"line":116,"column":91}},"loc":{"start":{"line":116,"column":106},"end":{"line":116,"column":130}},"line":116},"12":{"name":"(anonymous_12)","decl":{"start":{"line":133,"column":21},"end":{"line":133,"column":22}},"loc":{"start":{"line":133,"column":47},"end":{"line":295,"column":1}},"line":133},"13":{"name":"(anonymous_13)","decl":{"start":{"line":240,"column":40},"end":{"line":240,"column":41}},"loc":{"start":{"line":240,"column":50},"end":{"line":284,"column":13}},"line":240},"14":{"name":"(anonymous_14)","decl":{"start":{"line":241,"column":54},"end":{"line":241,"column":55}},"loc":{"start":{"line":241,"column":59},"end":{"line":241,"column":66}},"line":241},"15":{"name":"(anonymous_15)","decl":{"start":{"line":242,"column":64},"end":{"line":242,"column":65}},"loc":{"start":{"line":242,"column":69},"end":{"line":242,"column":90}},"line":242},"16":{"name":"(anonymous_16)","decl":{"start":{"line":243,"column":63},"end":{"line":243,"column":64}},"loc":{"start":{"line":243,"column":68},"end":{"line":243,"column":105}},"line":243},"17":{"name":"(anonymous_17)","decl":{"start":{"line":248,"column":59},"end":{"line":248,"column":60}},"loc":{"start":{"line":248,"column":75},"end":{"line":256,"column":17}},"line":248},"18":{"name":"(anonymous_18)","decl":{"start":{"line":249,"column":40},"end":{"line":249,"column":41}},"loc":{"start":{"line":249,"column":48},"end":{"line":254,"column":21}},"line":249},"19":{"name":"(anonymous_19)","decl":{"start":{"line":259,"column":25},"end":{"line":259,"column":26}},"loc":{"start":{"line":259,"column":46},"end":{"line":273,"column":21}},"line":259},"20":{"name":"(anonymous_20)","decl":{"start":{"line":261,"column":83},"end":{"line":261,"column":84}},"loc":{"start":{"line":261,"column":99},"end":{"line":261,"column":110}},"line":261},"21":{"name":"(anonymous_21)","decl":{"start":{"line":274,"column":26},"end":{"line":274,"column":27}},"loc":{"start":{"line":274,"column":36},"end":{"line":274,"column":53}},"line":274},"22":{"name":"(anonymous_22)","decl":{"start":{"line":280,"column":98},"end":{"line":280,"column":99}},"loc":{"start":{"line":280,"column":114},"end":{"line":280,"column":138}},"line":280},"23":{"name":"(anonymous_23)","decl":{"start":{"line":297,"column":20},"end":{"line":297,"column":21}},"loc":{"start":{"line":297,"column":46},"end":{"line":363,"column":3}},"line":297},"24":{"name":"(anonymous_24)","decl":{"start":{"line":301,"column":61},"end":{"line":301,"column":62}},"loc":{"start":{"line":301,"column":71},"end":{"line":301,"column":122}},"line":301},"25":{"name":"(anonymous_25)","decl":{"start":{"line":348,"column":53},"end":{"line":348,"column":54}},"loc":{"start":{"line":348,"column":62},"end":{"line":353,"column":7}},"line":348},"26":{"name":"(anonymous_26)","decl":{"start":{"line":365,"column":22},"end":{"line":365,"column":23}},"loc":{"start":{"line":365,"column":48},"end":{"line":429,"column":3}},"line":365},"27":{"name":"(anonymous_27)","decl":{"start":{"line":369,"column":61},"end":{"line":369,"column":62}},"loc":{"start":{"line":369,"column":71},"end":{"line":369,"column":122}},"line":369},"28":{"name":"(anonymous_28)","decl":{"start":{"line":415,"column":57},"end":{"line":415,"column":58}},"loc":{"start":{"line":415,"column":68},"end":{"line":419,"column":7}},"line":415},"29":{"name":"(anonymous_29)","decl":{"start":{"line":431,"column":21},"end":{"line":431,"column":22}},"loc":{"start":{"line":431,"column":47},"end":{"line":506,"column":3}},"line":431},"30":{"name":"(anonymous_30)","decl":{"start":{"line":443,"column":61},"end":{"line":443,"column":62}},"loc":{"start":{"line":443,"column":71},"end":{"line":443,"column":122}},"line":443},"31":{"name":"(anonymous_31)","decl":{"start":{"line":491,"column":55},"end":{"line":491,"column":56}},"loc":{"start":{"line":491,"column":65},"end":{"line":496,"column":7}},"line":491}},"branchMap":{"0":{"loc":{"start":{"line":27,"column":25},"end":{"line":27,"column":84}},"type":"cond-expr","locations":[{"start":{"line":27,"column":55},"end":{"line":27,"column":80}},{"start":{"line":27,"column":83},"end":{"line":27,"column":84}}],"line":27},"1":{"loc":{"start":{"line":80,"column":37},"end":{"line":82,"column":15}},"type":"cond-expr","locations":[{"start":{"line":81,"column":14},"end":{"line":81,"column":88}},{"start":{"line":82,"column":14},"end":{"line":82,"column":15}}],"line":80},"2":{"loc":{"start":{"line":86,"column":14},"end":{"line":88,"column":15}},"type":"if","locations":[{"start":{"line":86,"column":14},"end":{"line":88,"column":15}},{"start":{},"end":{}}],"line":86},"3":{"loc":{"start":{"line":100,"column":37},"end":{"line":102,"column":19}},"type":"cond-expr","locations":[{"start":{"line":101,"column":18},"end":{"line":101,"column":96}},{"start":{"line":102,"column":18},"end":{"line":102,"column":19}}],"line":100},"4":{"loc":{"start":{"line":171,"column":27},"end":{"line":171,"column":91}},"type":"cond-expr","locations":[{"start":{"line":171,"column":57},"end":{"line":171,"column":87}},{"start":{"line":171,"column":90},"end":{"line":171,"column":91}}],"line":171},"5":{"loc":{"start":{"line":244,"column":43},"end":{"line":246,"column":23}},"type":"cond-expr","locations":[{"start":{"line":245,"column":22},"end":{"line":245,"column":96}},{"start":{"line":246,"column":22},"end":{"line":246,"column":23}}],"line":244},"6":{"loc":{"start":{"line":250,"column":24},"end":{"line":252,"column":25}},"type":"if","locations":[{"start":{"line":250,"column":24},"end":{"line":252,"column":25}},{"start":{},"end":{}}],"line":250},"7":{"loc":{"start":{"line":264,"column":47},"end":{"line":266,"column":31}},"type":"cond-expr","locations":[{"start":{"line":265,"column":30},"end":{"line":265,"column":108}},{"start":{"line":266,"column":30},"end":{"line":266,"column":31}}],"line":264},"8":{"loc":{"start":{"line":434,"column":4},"end":{"line":439,"column":5}},"type":"if","locations":[{"start":{"line":434,"column":4},"end":{"line":439,"column":5}},{"start":{},"end":{}}],"line":434},"9":{"loc":{"start":{"line":434,"column":8},"end":{"line":434,"column":33}},"type":"binary-expr","locations":[{"start":{"line":434,"column":8},"end":{"line":434,"column":19}},{"start":{"line":434,"column":23},"end":{"line":434,"column":33}}],"line":434}},"s":{"0":1,"1":1,"2":1,"3":1,"4":1,"5":1,"6":1,"7":0,"8":0,"9":0,"10":0,"11":0,"12":0,"13":0,"14":0,"15":0,"16":0,"17":0,"18":0,"19":0,"20":0,"21":0,"22":0,"23":0,"24":0,"25":0,"26":0,"27":0,"28":0,"29":0,"30":0,"31":0,"32":0,"33":0,"34":0,"35":0,"36":0,"37":0,"38":0,"39":0,"40":0,"41":0,"42":0,"43":0,"44":0,"45":0,"46":0,"47":0,"48":0,"49":0,"50":0,"51":0,"52":0,"53":0,"54":0,"55":0,"56":0,"57":0,"58":0,"59":0,"60":0,"61":0,"62":0,"63":0,"64":0,"65":0,"66":0,"67":0,"68":0,"69":0,"70":0,"71":0,"72":0,"73":0,"74":0,"75":0,"76":0,"77":0,"78":0,"79":0,"80":0,"81":0,"82":0,"83":0,"84":0,"85":0,"86":0,"87":0,"88":0,"89":0,"90":0,"91":0,"92":0,"93":0,"94":0,"95":0,"96":0,"97":0,"98":0,"99":0,"100":0,"101":0,"102":0,"103":0,"104":0,"105":0,"106":0,"107":0,"108":0,"109":0,"110":0,"111":0,"112":0,"113":0,"114":0,"115":1},"f":{"0":1,"1":0,"2":0,"3":0,"4":0,"5":0,"6":0,"7":0,"8":0,"9":0,"10":0,"11":0,"12":0,"13":0,"14":0,"15":0,"16":0,"17":0,"18":0,"19":0,"20":0,"21":0,"22":0,"23":0,"24":0,"25":0,"26":0,"27":0,"28":0,"29":0,"30":0,"31":0},"b":{"0":[0,0],"1":[0,0],"2":[0,0],"3":[0,0],"4":[0,0],"5":[0,0],"6":[0,0],"7":[0,0],"8":[0,0],"9":[0,0]},"_coverageSchema":"1a1c01bbd47fc00a2c39e90264f33305004495a9","hash":"b4a8634d9be203207af25add057de6eab4b07616"}
}
