TN:
SF:src/db.js
FN:34,(anonymous_0)
FNF:1
FNH:0
FNDA:0,(anonymous_0)
DA:1,1
DA:3,1
DA:13,1
DA:22,1
DA:30,1
DA:31,1
DA:32,1
DA:34,1
DA:35,0
DA:36,0
DA:39,1
LF:11
LH:9
BRF:0
BRH:0
end_of_record
TN:
SF:src/server.js
FN:23,(anonymous_0)
FN:24,(anonymous_1)
FN:32,(anonymous_2)
FNF:3
FNH:0
FNDA:0,(anonymous_0)
FNDA:0,(anonymous_1)
FNDA:0,(anonymous_2)
DA:1,0
DA:2,0
DA:3,0
DA:4,0
DA:5,0
DA:7,0
DA:9,0
DA:17,0
DA:19,0
DA:21,0
DA:23,0
DA:24,0
DA:25,0
DA:26,0
DA:27,0
DA:29,0
DA:30,0
DA:33,0
LF:18
LH:0
BRDA:25,0,0,0
BRDA:25,0,1,0
BRF:2
BRH:0
end_of_record
TN:
SF:src/trends-service.js
FN:7,(anonymous_0)
FN:20,(anonymous_1)
FN:76,(anonymous_2)
FN:77,(anonymous_3)
FN:78,(anonymous_4)
FN:79,(anonymous_5)
FN:84,(anonymous_6)
FN:85,(anonymous_7)
FN:95,(anonymous_8)
FN:97,(anonymous_9)
FN:110,(anonymous_10)
FN:116,(anonymous_11)
FN:133,(anonymous_12)
FN:240,(anonymous_13)
FN:241,(anonymous_14)
FN:242,(anonymous_15)
FN:243,(anonymous_16)
FN:248,(anonymous_17)
FN:249,(anonymous_18)
FN:259,(anonymous_19)
FN:261,(anonymous_20)
FN:274,(anonymous_21)
FN:280,(anonymous_22)
FN:297,(anonymous_23)
FN:301,(anonymous_24)
FN:348,(anonymous_25)
FN:365,(anonymous_26)
FN:369,(anonymous_27)
FN:415,(anonymous_28)
FN:431,(anonymous_29)
FN:443,(anonymous_30)
FN:491,(anonymous_31)
FNF:32
FNH:1
FNDA:1,(anonymous_0)
FNDA:0,(anonymous_1)
FNDA:0,(anonymous_2)
FNDA:0,(anonymous_3)
FNDA:0,(anonymous_4)
FNDA:0,(anonymous_5)
FNDA:0,(anonymous_6)
FNDA:0,(anonymous_7)
FNDA:0,(anonymous_8)
FNDA:0,(anonymous_9)
FNDA:0,(anonymous_10)
FNDA:0,(anonymous_11)
FNDA:0,(anonymous_12)
FNDA:0,(anonymous_13)
FNDA:0,(anonymous_14)
FNDA:0,(anonymous_15)
FNDA:0,(anonymous_16)
FNDA:0,(anonymous_17)
FNDA:0,(anonymous_18)
FNDA:0,(anonymous_19)
FNDA:0,(anonymous_20)
FNDA:0,(anonymous_21)
FNDA:0,(anonymous_22)
FNDA:0,(anonymous_23)
FNDA:0,(anonymous_24)
FNDA:0,(anonymous_25)
FNDA:0,(anonymous_26)
FNDA:0,(anonymous_27)
FNDA:0,(anonymous_28)
FNDA:0,(anonymous_29)
FNDA:0,(anonymous_30)
FNDA:0,(anonymous_31)
DA:1,1
DA:2,1
DA:3,1
DA:4,1
DA:6,1
DA:8,1
DA:9,1
DA:11,0
DA:12,0
DA:21,0
DA:22,0
DA:27,0
DA:28,0
DA:30,0
DA:73,0
DA:77,0
DA:78,0
DA:79,0
DA:80,0
DA:84,0
DA:85,0
DA:86,0
DA:87,0
DA:89,0
DA:91,0
DA:94,0
DA:96,0
DA:97,0
DA:98,0
DA:99,0
DA:100,0
DA:104,0
DA:110,0
DA:113,0
DA:116,0
DA:123,0
DA:125,0
DA:126,0
DA:134,0
DA:135,0
DA:136,0
DA:138,0
DA:139,0
DA:141,0
DA:169,0
DA:171,0
DA:172,0
DA:174,0
DA:235,0
DA:241,0
DA:242,0
DA:243,0
DA:244,0
DA:248,0
DA:249,0
DA:250,0
DA:251,0
DA:253,0
DA:255,0
DA:258,0
DA:260,0
DA:261,0
DA:262,0
DA:263,0
DA:264,0
DA:268,0
DA:274,0
DA:277,0
DA:280,0
DA:287,0
DA:289,0
DA:290,0
DA:298,0
DA:299,0
DA:300,0
DA:301,0
DA:303,0
DA:348,0
DA:355,0
DA:357,0
DA:358,0
DA:366,0
DA:367,0
DA:368,0
DA:369,0
DA:371,0
DA:415,0
DA:421,0
DA:423,0
DA:424,0
DA:432,0
DA:434,0
DA:435,0
DA:441,0
DA:442,0
DA:443,0
DA:445,0
DA:491,0
DA:498,0
DA:500,0
DA:501,0
DA:509,1
LF:102
LH:8
BRDA:27,0,0,0
BRDA:27,0,1,0
BRDA:80,1,0,0
BRDA:80,1,1,0
BRDA:86,2,0,0
BRDA:86,2,1,0
BRDA:100,3,0,0
BRDA:100,3,1,0
BRDA:171,4,0,0
BRDA:171,4,1,0
BRDA:244,5,0,0
BRDA:244,5,1,0
BRDA:250,6,0,0
BRDA:250,6,1,0
BRDA:264,7,0,0
BRDA:264,7,1,0
BRDA:434,8,0,0
BRDA:434,8,1,0
BRDA:434,9,0,0
BRDA:434,9,1,0
BRF:20
BRH:0
end_of_record
