{"/Users/prithwish.samanta/workspace/SwiftCloud/services/popularity-service/src/db.js": {"path":"/Users/prithwish.samanta/workspace/SwiftCloud/services/popularity-service/src/db.js","statementMap":{"0":{"start":{"line":1,"column":17},"end":{"line":1,"column":36}},"1":{"start":{"line":3,"column":19},"end":{"line":11,"column":2}},"2":{"start":{"line":13,"column":20},"end":{"line":20,"column":2}},"3":{"start":{"line":22,"column":21},"end":{"line":28,"column":2}},"4":{"start":{"line":30,"column":13},"end":{"line":30,"column":47}},"5":{"start":{"line":31,"column":14},"end":{"line":31,"column":50}},"6":{"start":{"line":32,"column":15},"end":{"line":32,"column":53}},"7":{"start":{"line":34,"column":18},"end":{"line":37,"column":1}},"8":{"start":{"line":35,"column":2},"end":{"line":35,"column":65}},"9":{"start":{"line":36,"column":2},"end":{"line":36,"column":38}},"10":{"start":{"line":39,"column":0},"end":{"line":39,"column":52}}},"fnMap":{"0":{"name":"(anonymous_0)","decl":{"start":{"line":34,"column":18},"end":{"line":34,"column":19}},"loc":{"start":{"line":34,"column":30},"end":{"line":37,"column":1}},"line":34}},"branchMap":{},"s":{"0":1,"1":1,"2":1,"3":1,"4":1,"5":1,"6":1,"7":1,"8":0,"9":0,"10":1},"f":{"0":0},"b":{},"_coverageSchema":"1a1c01bbd47fc00a2c39e90264f33305004495a9","hash":"5bb1b1099e004452dc3b6fdd99f63477f4a9733e"}
,"/Users/prithwish.samanta/workspace/SwiftCloud/services/popularity-service/src/popularity-service.js": {"path":"/Users/prithwish.samanta/workspace/SwiftCloud/services/popularity-service/src/popularity-service.js","statementMap":{"0":{"start":{"line":1,"column":32},"end":{"line":1,"column":47}},"1":{"start":{"line":2,"column":15},"end":{"line":2,"column":32}},"2":{"start":{"line":4,"column":26},"end":{"line":433,"column":1}},"3":{"start":{"line":6,"column":4},"end":{"line":15,"column":5}},"4":{"start":{"line":7,"column":6},"end":{"line":7,"column":67}},"5":{"start":{"line":9,"column":6},"end":{"line":9,"column":48}},"6":{"start":{"line":10,"column":6},"end":{"line":14,"column":9}},"7":{"start":{"line":19,"column":38},"end":{"line":19,"column":50}},"8":{"start":{"line":20,"column":4},"end":{"line":20,"column":95}},"9":{"start":{"line":22,"column":4},"end":{"line":127,"column":5}},"10":{"start":{"line":25,"column":6},"end":{"line":102,"column":7}},"11":{"start":{"line":26,"column":8},"end":{"line":69,"column":10}},"12":{"start":{"line":71,"column":8},"end":{"line":101,"column":10}},"13":{"start":{"line":104,"column":21},"end":{"line":104,"column":62}},"14":{"start":{"line":107,"column":6},"end":{"line":116,"column":7}},"15":{"start":{"line":108,"column":8},"end":{"line":113,"column":10}},"16":{"start":{"line":110,"column":12},"end":{"line":110,"column":35}},"17":{"start":{"line":111,"column":12},"end":{"line":111,"column":23}},"18":{"start":{"line":115,"column":8},"end":{"line":115,"column":37}},"19":{"start":{"line":118,"column":6},"end":{"line":123,"column":7}},"20":{"start":{"line":119,"column":8},"end":{"line":119,"column":81}},"21":{"start":{"line":120,"column":8},"end":{"line":120,"column":51}},"22":{"start":{"line":122,"column":8},"end":{"line":122,"column":33}},"23":{"start":{"line":125,"column":6},"end":{"line":125,"column":60}},"24":{"start":{"line":126,"column":6},"end":{"line":126,"column":28}},"25":{"start":{"line":131,"column":22},"end":{"line":131,"column":34}},"26":{"start":{"line":132,"column":4},"end":{"line":132,"column":52}},"27":{"start":{"line":134,"column":4},"end":{"line":196,"column":5}},"28":{"start":{"line":136,"column":28},"end":{"line":138,"column":8}},"29":{"start":{"line":140,"column":6},"end":{"line":140,"column":76}},"30":{"start":{"line":141,"column":6},"end":{"line":141,"column":70}},"31":{"start":{"line":141,"column":60},"end":{"line":141,"column":67}},"32":{"start":{"line":143,"column":6},"end":{"line":149,"column":7}},"33":{"start":{"line":144,"column":8},"end":{"line":144,"column":65}},"34":{"start":{"line":145,"column":8},"end":{"line":148,"column":11}},"35":{"start":{"line":152,"column":23},"end":{"line":152,"column":40}},"36":{"start":{"line":154,"column":6},"end":{"line":154,"column":61}},"37":{"start":{"line":157,"column":29},"end":{"line":165,"column":8}},"38":{"start":{"line":158,"column":31},"end":{"line":158,"column":84}},"39":{"start":{"line":158,"column":64},"end":{"line":158,"column":80}},"40":{"start":{"line":159,"column":8},"end":{"line":164,"column":10}},"41":{"start":{"line":168,"column":6},"end":{"line":168,"column":73}},"42":{"start":{"line":168,"column":36},"end":{"line":168,"column":71}},"43":{"start":{"line":169,"column":6},"end":{"line":171,"column":9}},"44":{"start":{"line":170,"column":8},"end":{"line":170,"column":30}},"45":{"start":{"line":174,"column":37},"end":{"line":176,"column":7}},"46":{"start":{"line":175,"column":8},"end":{"line":175,"column":67}},"47":{"start":{"line":175,"column":33},"end":{"line":175,"column":66}},"48":{"start":{"line":179,"column":23},"end":{"line":187,"column":7}},"49":{"start":{"line":180,"column":54},"end":{"line":186,"column":9}},"50":{"start":{"line":189,"column":6},"end":{"line":189,"column":31}},"51":{"start":{"line":191,"column":6},"end":{"line":191,"column":58}},"52":{"start":{"line":192,"column":6},"end":{"line":195,"column":9}},"53":{"start":{"line":200,"column":47},"end":{"line":200,"column":59}},"54":{"start":{"line":201,"column":4},"end":{"line":201,"column":97}},"55":{"start":{"line":203,"column":4},"end":{"line":250,"column":5}},"56":{"start":{"line":205,"column":24},"end":{"line":205,"column":42}},"57":{"start":{"line":206,"column":6},"end":{"line":206,"column":63}},"58":{"start":{"line":209,"column":30},"end":{"line":221,"column":8}},"59":{"start":{"line":210,"column":31},"end":{"line":214,"column":13}},"60":{"start":{"line":212,"column":12},"end":{"line":212,"column":41}},"61":{"start":{"line":215,"column":8},"end":{"line":220,"column":10}},"62":{"start":{"line":224,"column":6},"end":{"line":224,"column":74}},"63":{"start":{"line":224,"column":37},"end":{"line":224,"column":72}},"64":{"start":{"line":225,"column":6},"end":{"line":227,"column":9}},"65":{"start":{"line":226,"column":8},"end":{"line":226,"column":31}},"66":{"start":{"line":230,"column":30},"end":{"line":230,"column":75}},"67":{"start":{"line":232,"column":23},"end":{"line":241,"column":7}},"68":{"start":{"line":233,"column":46},"end":{"line":239,"column":9}},"69":{"start":{"line":243,"column":6},"end":{"line":243,"column":31}},"70":{"start":{"line":245,"column":6},"end":{"line":245,"column":61}},"71":{"start":{"line":246,"column":6},"end":{"line":249,"column":9}},"72":{"start":{"line":254,"column":21},"end":{"line":254,"column":33}},"73":{"start":{"line":255,"column":4},"end":{"line":255,"column":50}},"74":{"start":{"line":257,"column":4},"end":{"line":316,"column":5}},"75":{"start":{"line":259,"column":29},"end":{"line":261,"column":8}},"76":{"start":{"line":263,"column":6},"end":{"line":263,"column":78}},"77":{"start":{"line":264,"column":6},"end":{"line":264,"column":76}},"78":{"start":{"line":264,"column":62},"end":{"line":264,"column":73}},"79":{"start":{"line":266,"column":6},"end":{"line":272,"column":7}},"80":{"start":{"line":267,"column":8},"end":{"line":267,"column":66}},"81":{"start":{"line":268,"column":8},"end":{"line":271,"column":11}},"82":{"start":{"line":275,"column":24},"end":{"line":275,"column":42}},"83":{"start":{"line":277,"column":6},"end":{"line":277,"column":63}},"84":{"start":{"line":280,"column":30},"end":{"line":287,"column":8}},"85":{"start":{"line":281,"column":31},"end":{"line":281,"column":108}},"86":{"start":{"line":281,"column":79},"end":{"line":281,"column":100}},"87":{"start":{"line":282,"column":8},"end":{"line":286,"column":10}},"88":{"start":{"line":290,"column":6},"end":{"line":290,"column":74}},"89":{"start":{"line":290,"column":37},"end":{"line":290,"column":72}},"90":{"start":{"line":291,"column":6},"end":{"line":293,"column":9}},"91":{"start":{"line":292,"column":8},"end":{"line":292,"column":31}},"92":{"start":{"line":296,"column":38},"end":{"line":298,"column":7}},"93":{"start":{"line":297,"column":8},"end":{"line":297,"column":62}},"94":{"start":{"line":297,"column":34},"end":{"line":297,"column":61}},"95":{"start":{"line":300,"column":23},"end":{"line":307,"column":7}},"96":{"start":{"line":301,"column":56},"end":{"line":306,"column":9}},"97":{"start":{"line":309,"column":6},"end":{"line":309,"column":31}},"98":{"start":{"line":311,"column":6},"end":{"line":311,"column":59}},"99":{"start":{"line":312,"column":6},"end":{"line":315,"column":9}},"100":{"start":{"line":320,"column":47},"end":{"line":320,"column":59}},"101":{"start":{"line":321,"column":4},"end":{"line":321,"column":97}},"102":{"start":{"line":323,"column":4},"end":{"line":367,"column":5}},"103":{"start":{"line":325,"column":25},"end":{"line":325,"column":44}},"104":{"start":{"line":326,"column":6},"end":{"line":326,"column":65}},"105":{"start":{"line":329,"column":31},"end":{"line":340,"column":8}},"106":{"start":{"line":330,"column":31},"end":{"line":334,"column":13}},"107":{"start":{"line":332,"column":12},"end":{"line":332,"column":41}},"108":{"start":{"line":335,"column":8},"end":{"line":339,"column":10}},"109":{"start":{"line":343,"column":6},"end":{"line":343,"column":75}},"110":{"start":{"line":343,"column":38},"end":{"line":343,"column":73}},"111":{"start":{"line":344,"column":6},"end":{"line":346,"column":9}},"112":{"start":{"line":345,"column":8},"end":{"line":345,"column":32}},"113":{"start":{"line":349,"column":31},"end":{"line":349,"column":77}},"114":{"start":{"line":351,"column":23},"end":{"line":358,"column":7}},"115":{"start":{"line":352,"column":49},"end":{"line":356,"column":9}},"116":{"start":{"line":360,"column":6},"end":{"line":360,"column":31}},"117":{"start":{"line":362,"column":6},"end":{"line":362,"column":62}},"118":{"start":{"line":363,"column":6},"end":{"line":366,"column":9}},"119":{"start":{"line":371,"column":21},"end":{"line":371,"column":33}},"120":{"start":{"line":372,"column":4},"end":{"line":372,"column":50}},"121":{"start":{"line":374,"column":4},"end":{"line":431,"column":5}},"122":{"start":{"line":376,"column":30},"end":{"line":378,"column":8}},"123":{"start":{"line":380,"column":6},"end":{"line":380,"column":80}},"124":{"start":{"line":381,"column":6},"end":{"line":381,"column":78}},"125":{"start":{"line":381,"column":64},"end":{"line":381,"column":75}},"126":{"start":{"line":383,"column":6},"end":{"line":389,"column":7}},"127":{"start":{"line":384,"column":8},"end":{"line":384,"column":67}},"128":{"start":{"line":385,"column":8},"end":{"line":388,"column":11}},"129":{"start":{"line":392,"column":25},"end":{"line":392,"column":44}},"130":{"start":{"line":394,"column":6},"end":{"line":394,"column":65}},"131":{"start":{"line":397,"column":31},"end":{"line":403,"column":8}},"132":{"start":{"line":398,"column":31},"end":{"line":398,"column":110}},"133":{"start":{"line":398,"column":81},"end":{"line":398,"column":102}},"134":{"start":{"line":399,"column":8},"end":{"line":402,"column":10}},"135":{"start":{"line":406,"column":6},"end":{"line":406,"column":75}},"136":{"start":{"line":406,"column":38},"end":{"line":406,"column":73}},"137":{"start":{"line":407,"column":6},"end":{"line":409,"column":9}},"138":{"start":{"line":408,"column":8},"end":{"line":408,"column":32}},"139":{"start":{"line":412,"column":39},"end":{"line":414,"column":7}},"140":{"start":{"line":413,"column":8},"end":{"line":413,"column":63}},"141":{"start":{"line":413,"column":35},"end":{"line":413,"column":62}},"142":{"start":{"line":416,"column":23},"end":{"line":422,"column":7}},"143":{"start":{"line":417,"column":58},"end":{"line":421,"column":9}},"144":{"start":{"line":424,"column":6},"end":{"line":424,"column":31}},"145":{"start":{"line":426,"column":6},"end":{"line":426,"column":59}},"146":{"start":{"line":427,"column":6},"end":{"line":430,"column":9}},"147":{"start":{"line":435,"column":0},"end":{"line":435,"column":35}}},"fnMap":{"0":{"name":"(anonymous_0)","decl":{"start":{"line":5,"column":15},"end":{"line":5,"column":16}},"loc":{"start":{"line":5,"column":41},"end":{"line":16,"column":3}},"line":5},"1":{"name":"(anonymous_1)","decl":{"start":{"line":18,"column":23},"end":{"line":18,"column":24}},"loc":{"start":{"line":18,"column":49},"end":{"line":128,"column":3}},"line":18},"2":{"name":"(anonymous_2)","decl":{"start":{"line":109,"column":32},"end":{"line":109,"column":33}},"loc":{"start":{"line":109,"column":59},"end":{"line":112,"column":11}},"line":109},"3":{"name":"(anonymous_3)","decl":{"start":{"line":130,"column":21},"end":{"line":130,"column":22}},"loc":{"start":{"line":130,"column":47},"end":{"line":197,"column":3}},"line":130},"4":{"name":"(anonymous_4)","decl":{"start":{"line":141,"column":55},"end":{"line":141,"column":56}},"loc":{"start":{"line":141,"column":60},"end":{"line":141,"column":67}},"line":141},"5":{"name":"(anonymous_5)","decl":{"start":{"line":157,"column":42},"end":{"line":157,"column":43}},"loc":{"start":{"line":157,"column":50},"end":{"line":165,"column":7}},"line":157},"6":{"name":"(anonymous_6)","decl":{"start":{"line":158,"column":49},"end":{"line":158,"column":50}},"loc":{"start":{"line":158,"column":64},"end":{"line":158,"column":80}},"line":158},"7":{"name":"(anonymous_7)","decl":{"start":{"line":168,"column":26},"end":{"line":168,"column":27}},"loc":{"start":{"line":168,"column":36},"end":{"line":168,"column":71}},"line":168},"8":{"name":"(anonymous_8)","decl":{"start":{"line":169,"column":29},"end":{"line":169,"column":30}},"loc":{"start":{"line":169,"column":46},"end":{"line":171,"column":7}},"line":169},"9":{"name":"(anonymous_9)","decl":{"start":{"line":174,"column":59},"end":{"line":174,"column":60}},"loc":{"start":{"line":175,"column":8},"end":{"line":175,"column":67}},"line":175},"10":{"name":"(anonymous_10)","decl":{"start":{"line":175,"column":27},"end":{"line":175,"column":28}},"loc":{"start":{"line":175,"column":33},"end":{"line":175,"column":66}},"line":175},"11":{"name":"(anonymous_11)","decl":{"start":{"line":180,"column":45},"end":{"line":180,"column":46}},"loc":{"start":{"line":180,"column":54},"end":{"line":186,"column":9}},"line":180},"12":{"name":"(anonymous_12)","decl":{"start":{"line":199,"column":24},"end":{"line":199,"column":25}},"loc":{"start":{"line":199,"column":50},"end":{"line":251,"column":3}},"line":199},"13":{"name":"(anonymous_13)","decl":{"start":{"line":209,"column":44},"end":{"line":209,"column":45}},"loc":{"start":{"line":209,"column":53},"end":{"line":221,"column":7}},"line":209},"14":{"name":"(anonymous_14)","decl":{"start":{"line":211,"column":31},"end":{"line":211,"column":32}},"loc":{"start":{"line":211,"column":46},"end":{"line":213,"column":11}},"line":211},"15":{"name":"(anonymous_15)","decl":{"start":{"line":224,"column":27},"end":{"line":224,"column":28}},"loc":{"start":{"line":224,"column":37},"end":{"line":224,"column":72}},"line":224},"16":{"name":"(anonymous_16)","decl":{"start":{"line":225,"column":30},"end":{"line":225,"column":31}},"loc":{"start":{"line":225,"column":48},"end":{"line":227,"column":7}},"line":225},"17":{"name":"(anonymous_17)","decl":{"start":{"line":233,"column":36},"end":{"line":233,"column":37}},"loc":{"start":{"line":233,"column":46},"end":{"line":239,"column":9}},"line":233},"18":{"name":"(anonymous_18)","decl":{"start":{"line":253,"column":22},"end":{"line":253,"column":23}},"loc":{"start":{"line":253,"column":48},"end":{"line":317,"column":3}},"line":253},"19":{"name":"(anonymous_19)","decl":{"start":{"line":264,"column":57},"end":{"line":264,"column":58}},"loc":{"start":{"line":264,"column":62},"end":{"line":264,"column":73}},"line":264},"20":{"name":"(anonymous_20)","decl":{"start":{"line":280,"column":44},"end":{"line":280,"column":45}},"loc":{"start":{"line":280,"column":53},"end":{"line":287,"column":7}},"line":280},"21":{"name":"(anonymous_21)","decl":{"start":{"line":281,"column":64},"end":{"line":281,"column":65}},"loc":{"start":{"line":281,"column":79},"end":{"line":281,"column":100}},"line":281},"22":{"name":"(anonymous_22)","decl":{"start":{"line":290,"column":27},"end":{"line":290,"column":28}},"loc":{"start":{"line":290,"column":37},"end":{"line":290,"column":72}},"line":290},"23":{"name":"(anonymous_23)","decl":{"start":{"line":291,"column":30},"end":{"line":291,"column":31}},"loc":{"start":{"line":291,"column":48},"end":{"line":293,"column":7}},"line":291},"24":{"name":"(anonymous_24)","decl":{"start":{"line":296,"column":61},"end":{"line":296,"column":62}},"loc":{"start":{"line":297,"column":8},"end":{"line":297,"column":62}},"line":297},"25":{"name":"(anonymous_25)","decl":{"start":{"line":297,"column":28},"end":{"line":297,"column":29}},"loc":{"start":{"line":297,"column":34},"end":{"line":297,"column":61}},"line":297},"26":{"name":"(anonymous_26)","decl":{"start":{"line":301,"column":46},"end":{"line":301,"column":47}},"loc":{"start":{"line":301,"column":56},"end":{"line":306,"column":9}},"line":301},"27":{"name":"(anonymous_27)","decl":{"start":{"line":319,"column":25},"end":{"line":319,"column":26}},"loc":{"start":{"line":319,"column":51},"end":{"line":368,"column":3}},"line":319},"28":{"name":"(anonymous_28)","decl":{"start":{"line":329,"column":46},"end":{"line":329,"column":47}},"loc":{"start":{"line":329,"column":56},"end":{"line":340,"column":7}},"line":329},"29":{"name":"(anonymous_29)","decl":{"start":{"line":331,"column":32},"end":{"line":331,"column":33}},"loc":{"start":{"line":331,"column":47},"end":{"line":333,"column":11}},"line":331},"30":{"name":"(anonymous_30)","decl":{"start":{"line":343,"column":28},"end":{"line":343,"column":29}},"loc":{"start":{"line":343,"column":38},"end":{"line":343,"column":73}},"line":343},"31":{"name":"(anonymous_31)","decl":{"start":{"line":344,"column":31},"end":{"line":344,"column":32}},"loc":{"start":{"line":344,"column":50},"end":{"line":346,"column":7}},"line":344},"32":{"name":"(anonymous_32)","decl":{"start":{"line":352,"column":38},"end":{"line":352,"column":39}},"loc":{"start":{"line":352,"column":49},"end":{"line":356,"column":9}},"line":352},"33":{"name":"(anonymous_33)","decl":{"start":{"line":370,"column":23},"end":{"line":370,"column":24}},"loc":{"start":{"line":370,"column":49},"end":{"line":432,"column":3}},"line":370},"34":{"name":"(anonymous_34)","decl":{"start":{"line":381,"column":59},"end":{"line":381,"column":60}},"loc":{"start":{"line":381,"column":64},"end":{"line":381,"column":75}},"line":381},"35":{"name":"(anonymous_35)","decl":{"start":{"line":397,"column":46},"end":{"line":397,"column":47}},"loc":{"start":{"line":397,"column":56},"end":{"line":403,"column":7}},"line":397},"36":{"name":"(anonymous_36)","decl":{"start":{"line":398,"column":66},"end":{"line":398,"column":67}},"loc":{"start":{"line":398,"column":81},"end":{"line":398,"column":102}},"line":398},"37":{"name":"(anonymous_37)","decl":{"start":{"line":406,"column":28},"end":{"line":406,"column":29}},"loc":{"start":{"line":406,"column":38},"end":{"line":406,"column":73}},"line":406},"38":{"name":"(anonymous_38)","decl":{"start":{"line":407,"column":31},"end":{"line":407,"column":32}},"loc":{"start":{"line":407,"column":50},"end":{"line":409,"column":7}},"line":407},"39":{"name":"(anonymous_39)","decl":{"start":{"line":412,"column":63},"end":{"line":412,"column":64}},"loc":{"start":{"line":413,"column":8},"end":{"line":413,"column":63}},"line":413},"40":{"name":"(anonymous_40)","decl":{"start":{"line":413,"column":29},"end":{"line":413,"column":30}},"loc":{"start":{"line":413,"column":35},"end":{"line":413,"column":62}},"line":413},"41":{"name":"(anonymous_41)","decl":{"start":{"line":417,"column":47},"end":{"line":417,"column":48}},"loc":{"start":{"line":417,"column":58},"end":{"line":421,"column":9}},"line":417}},"branchMap":{"0":{"loc":{"start":{"line":25,"column":6},"end":{"line":102,"column":7}},"type":"if","locations":[{"start":{"line":25,"column":6},"end":{"line":102,"column":7}},{"start":{"line":70,"column":13},"end":{"line":102,"column":7}}],"line":25},"1":{"loc":{"start":{"line":107,"column":6},"end":{"line":116,"column":7}},"type":"if","locations":[{"start":{"line":107,"column":6},"end":{"line":116,"column":7}},{"start":{"line":114,"column":13},"end":{"line":116,"column":7}}],"line":107},"2":{"loc":{"start":{"line":118,"column":6},"end":{"line":123,"column":7}},"type":"if","locations":[{"start":{"line":118,"column":6},"end":{"line":123,"column":7}},{"start":{"line":121,"column":13},"end":{"line":123,"column":7}}],"line":118},"3":{"loc":{"start":{"line":118,"column":10},"end":{"line":118,"column":109}},"type":"binary-expr","locations":[{"start":{"line":118,"column":10},"end":{"line":118,"column":57}},{"start":{"line":118,"column":62},"end":{"line":118,"column":77}},{"start":{"line":118,"column":81},"end":{"line":118,"column":108}}],"line":118},"4":{"loc":{"start":{"line":118,"column":22},"end":{"line":118,"column":43}},"type":"binary-expr","locations":[{"start":{"line":118,"column":22},"end":{"line":118,"column":37}},{"start":{"line":118,"column":41},"end":{"line":118,"column":43}}],"line":118},"5":{"loc":{"start":{"line":143,"column":6},"end":{"line":149,"column":7}},"type":"if","locations":[{"start":{"line":143,"column":6},"end":{"line":149,"column":7}},{"start":{},"end":{}}],"line":143},"6":{"loc":{"start":{"line":200,"column":20},"end":{"line":200,"column":30}},"type":"default-arg","locations":[{"start":{"line":200,"column":28},"end":{"line":200,"column":30}}],"line":200},"7":{"loc":{"start":{"line":200,"column":32},"end":{"line":200,"column":42}},"type":"default-arg","locations":[{"start":{"line":200,"column":41},"end":{"line":200,"column":42}}],"line":200},"8":{"loc":{"start":{"line":210,"column":31},"end":{"line":214,"column":13}},"type":"cond-expr","locations":[{"start":{"line":211,"column":12},"end":{"line":213,"column":15}},{"start":{"line":214,"column":12},"end":{"line":214,"column":13}}],"line":210},"9":{"loc":{"start":{"line":210,"column":31},"end":{"line":210,"column":68}},"type":"binary-expr","locations":[{"start":{"line":210,"column":31},"end":{"line":210,"column":42}},{"start":{"line":210,"column":46},"end":{"line":210,"column":68}}],"line":210},"10":{"loc":{"start":{"line":217,"column":18},"end":{"line":217,"column":41}},"type":"binary-expr","locations":[{"start":{"line":217,"column":18},"end":{"line":217,"column":35}},{"start":{"line":217,"column":39},"end":{"line":217,"column":41}}],"line":217},"11":{"loc":{"start":{"line":218,"column":19},"end":{"line":218,"column":43}},"type":"binary-expr","locations":[{"start":{"line":218,"column":19},"end":{"line":218,"column":37}},{"start":{"line":218,"column":41},"end":{"line":218,"column":43}}],"line":218},"12":{"loc":{"start":{"line":266,"column":6},"end":{"line":272,"column":7}},"type":"if","locations":[{"start":{"line":266,"column":6},"end":{"line":272,"column":7}},{"start":{},"end":{}}],"line":266},"13":{"loc":{"start":{"line":281,"column":31},"end":{"line":281,"column":108}},"type":"cond-expr","locations":[{"start":{"line":281,"column":45},"end":{"line":281,"column":104}},{"start":{"line":281,"column":107},"end":{"line":281,"column":108}}],"line":281},"14":{"loc":{"start":{"line":284,"column":18},"end":{"line":284,"column":41}},"type":"binary-expr","locations":[{"start":{"line":284,"column":18},"end":{"line":284,"column":35}},{"start":{"line":284,"column":39},"end":{"line":284,"column":41}}],"line":284},"15":{"loc":{"start":{"line":320,"column":20},"end":{"line":320,"column":30}},"type":"default-arg","locations":[{"start":{"line":320,"column":28},"end":{"line":320,"column":30}}],"line":320},"16":{"loc":{"start":{"line":320,"column":32},"end":{"line":320,"column":42}},"type":"default-arg","locations":[{"start":{"line":320,"column":41},"end":{"line":320,"column":42}}],"line":320},"17":{"loc":{"start":{"line":330,"column":31},"end":{"line":334,"column":13}},"type":"cond-expr","locations":[{"start":{"line":331,"column":12},"end":{"line":333,"column":15}},{"start":{"line":334,"column":12},"end":{"line":334,"column":13}}],"line":330},"18":{"loc":{"start":{"line":330,"column":31},"end":{"line":330,"column":70}},"type":"binary-expr","locations":[{"start":{"line":330,"column":31},"end":{"line":330,"column":43}},{"start":{"line":330,"column":47},"end":{"line":330,"column":70}}],"line":330},"19":{"loc":{"start":{"line":337,"column":18},"end":{"line":337,"column":42}},"type":"binary-expr","locations":[{"start":{"line":337,"column":18},"end":{"line":337,"column":36}},{"start":{"line":337,"column":40},"end":{"line":337,"column":42}}],"line":337},"20":{"loc":{"start":{"line":383,"column":6},"end":{"line":389,"column":7}},"type":"if","locations":[{"start":{"line":383,"column":6},"end":{"line":389,"column":7}},{"start":{},"end":{}}],"line":383},"21":{"loc":{"start":{"line":398,"column":31},"end":{"line":398,"column":110}},"type":"cond-expr","locations":[{"start":{"line":398,"column":46},"end":{"line":398,"column":106}},{"start":{"line":398,"column":109},"end":{"line":398,"column":110}}],"line":398}},"s":{"0":1,"1":1,"2":1,"3":1,"4":1,"5":0,"6":0,"7":0,"8":0,"9":0,"10":0,"11":0,"12":0,"13":0,"14":0,"15":0,"16":0,"17":0,"18":0,"19":0,"20":0,"21":0,"22":0,"23":0,"24":0,"25":0,"26":0,"27":0,"28":0,"29":0,"30":0,"31":0,"32":0,"33":0,"34":0,"35":0,"36":0,"37":0,"38":0,"39":0,"40":0,"41":0,"42":0,"43":0,"44":0,"45":0,"46":0,"47":0,"48":0,"49":0,"50":0,"51":0,"52":0,"53":0,"54":0,"55":0,"56":0,"57":0,"58":0,"59":0,"60":0,"61":0,"62":0,"63":0,"64":0,"65":0,"66":0,"67":0,"68":0,"69":0,"70":0,"71":0,"72":0,"73":0,"74":0,"75":0,"76":0,"77":0,"78":0,"79":0,"80":0,"81":0,"82":0,"83":0,"84":0,"85":0,"86":0,"87":0,"88":0,"89":0,"90":0,"91":0,"92":0,"93":0,"94":0,"95":0,"96":0,"97":0,"98":0,"99":0,"100":0,"101":0,"102":0,"103":0,"104":0,"105":0,"106":0,"107":0,"108":0,"109":0,"110":0,"111":0,"112":0,"113":0,"114":0,"115":0,"116":0,"117":0,"118":0,"119":0,"120":0,"121":0,"122":0,"123":0,"124":0,"125":0,"126":0,"127":0,"128":0,"129":0,"130":0,"131":0,"132":0,"133":0,"134":0,"135":0,"136":0,"137":0,"138":0,"139":0,"140":0,"141":0,"142":0,"143":0,"144":0,"145":0,"146":0,"147":1},"f":{"0":1,"1":0,"2":0,"3":0,"4":0,"5":0,"6":0,"7":0,"8":0,"9":0,"10":0,"11":0,"12":0,"13":0,"14":0,"15":0,"16":0,"17":0,"18":0,"19":0,"20":0,"21":0,"22":0,"23":0,"24":0,"25":0,"26":0,"27":0,"28":0,"29":0,"30":0,"31":0,"32":0,"33":0,"34":0,"35":0,"36":0,"37":0,"38":0,"39":0,"40":0,"41":0},"b":{"0":[0,0],"1":[0,0],"2":[0,0],"3":[0,0,0],"4":[0,0],"5":[0,0],"6":[0],"7":[0],"8":[0,0],"9":[0,0],"10":[0,0],"11":[0,0],"12":[0,0],"13":[0,0],"14":[0,0],"15":[0],"16":[0],"17":[0,0],"18":[0,0],"19":[0,0],"20":[0,0],"21":[0,0]},"_coverageSchema":"1a1c01bbd47fc00a2c39e90264f33305004495a9","hash":"c426123962b99e70270a67a03e689d12d3caa201"}
,"/Users/prithwish.samanta/workspace/SwiftCloud/services/popularity-service/src/server.js": {"path":"/Users/prithwish.samanta/workspace/SwiftCloud/services/popularity-service/src/server.js","statementMap":{"0":{"start":{"line":1,"column":13},"end":{"line":1,"column":37}},"1":{"start":{"line":2,"column":20},"end":{"line":2,"column":49}},"2":{"start":{"line":3,"column":13},"end":{"line":3,"column":28}},"3":{"start":{"line":4,"column":26},"end":{"line":4,"column":57}},"4":{"start":{"line":5,"column":22},"end":{"line":5,"column":37}},"5":{"start":{"line":7,"column":19},"end":{"line":7,"column":77}},"6":{"start":{"line":9,"column":26},"end":{"line":15,"column":2}},"7":{"start":{"line":17,"column":24},"end":{"line":17,"column":80}},"8":{"start":{"line":19,"column":15},"end":{"line":19,"column":32}},"9":{"start":{"line":21,"column":0},"end":{"line":21,"column":80}},"10":{"start":{"line":23,"column":0},"end":{"line":34,"column":3}},"11":{"start":{"line":24,"column":2},"end":{"line":31,"column":5}},"12":{"start":{"line":25,"column":4},"end":{"line":28,"column":5}},"13":{"start":{"line":26,"column":6},"end":{"line":26,"column":25}},"14":{"start":{"line":27,"column":6},"end":{"line":27,"column":13}},"15":{"start":{"line":29,"column":4},"end":{"line":29,"column":62}},"16":{"start":{"line":30,"column":4},"end":{"line":30,"column":19}},"17":{"start":{"line":33,"column":2},"end":{"line":33,"column":54}}},"fnMap":{"0":{"name":"(anonymous_0)","decl":{"start":{"line":23,"column":17},"end":{"line":23,"column":18}},"loc":{"start":{"line":23,"column":23},"end":{"line":32,"column":1}},"line":23},"1":{"name":"(anonymous_1)","decl":{"start":{"line":24,"column":76},"end":{"line":24,"column":77}},"loc":{"start":{"line":24,"column":91},"end":{"line":31,"column":3}},"line":24},"2":{"name":"(anonymous_2)","decl":{"start":{"line":32,"column":9},"end":{"line":32,"column":10}},"loc":{"start":{"line":32,"column":16},"end":{"line":34,"column":1}},"line":32}},"branchMap":{"0":{"loc":{"start":{"line":25,"column":4},"end":{"line":28,"column":5}},"type":"if","locations":[{"start":{"line":25,"column":4},"end":{"line":28,"column":5}},{"start":{},"end":{}}],"line":25}},"s":{"0":0,"1":0,"2":0,"3":0,"4":0,"5":0,"6":0,"7":0,"8":0,"9":0,"10":0,"11":0,"12":0,"13":0,"14":0,"15":0,"16":0,"17":0},"f":{"0":0,"1":0,"2":0},"b":{"0":[0,0]}}
}
