TN:
SF:src/db.js
FN:34,(anonymous_0)
FNF:1
FNH:0
FNDA:0,(anonymous_0)
DA:1,1
DA:3,1
DA:13,1
DA:22,1
DA:30,1
DA:31,1
DA:32,1
DA:34,1
DA:35,0
DA:36,0
DA:39,1
LF:11
LH:9
BRF:0
BRH:0
end_of_record
TN:
SF:src/popularity-service.js
FN:5,(anonymous_0)
FN:18,(anonymous_1)
FN:109,(anonymous_2)
FN:130,(anonymous_3)
FN:141,(anonymous_4)
FN:157,(anonymous_5)
FN:158,(anonymous_6)
FN:168,(anonymous_7)
FN:169,(anonymous_8)
FN:174,(anonymous_9)
FN:175,(anonymous_10)
FN:180,(anonymous_11)
FN:199,(anonymous_12)
FN:209,(anonymous_13)
FN:211,(anonymous_14)
FN:224,(anonymous_15)
FN:225,(anonymous_16)
FN:233,(anonymous_17)
FN:253,(anonymous_18)
FN:264,(anonymous_19)
FN:280,(anonymous_20)
FN:281,(anonymous_21)
FN:290,(anonymous_22)
FN:291,(anonymous_23)
FN:296,(anonymous_24)
FN:297,(anonymous_25)
FN:301,(anonymous_26)
FN:319,(anonymous_27)
FN:329,(anonymous_28)
FN:331,(anonymous_29)
FN:343,(anonymous_30)
FN:344,(anonymous_31)
FN:352,(anonymous_32)
FN:370,(anonymous_33)
FN:381,(anonymous_34)
FN:397,(anonymous_35)
FN:398,(anonymous_36)
FN:406,(anonymous_37)
FN:407,(anonymous_38)
FN:412,(anonymous_39)
FN:413,(anonymous_40)
FN:417,(anonymous_41)
FNF:42
FNH:1
FNDA:1,(anonymous_0)
FNDA:0,(anonymous_1)
FNDA:0,(anonymous_2)
FNDA:0,(anonymous_3)
FNDA:0,(anonymous_4)
FNDA:0,(anonymous_5)
FNDA:0,(anonymous_6)
FNDA:0,(anonymous_7)
FNDA:0,(anonymous_8)
FNDA:0,(anonymous_9)
FNDA:0,(anonymous_10)
FNDA:0,(anonymous_11)
FNDA:0,(anonymous_12)
FNDA:0,(anonymous_13)
FNDA:0,(anonymous_14)
FNDA:0,(anonymous_15)
FNDA:0,(anonymous_16)
FNDA:0,(anonymous_17)
FNDA:0,(anonymous_18)
FNDA:0,(anonymous_19)
FNDA:0,(anonymous_20)
FNDA:0,(anonymous_21)
FNDA:0,(anonymous_22)
FNDA:0,(anonymous_23)
FNDA:0,(anonymous_24)
FNDA:0,(anonymous_25)
FNDA:0,(anonymous_26)
FNDA:0,(anonymous_27)
FNDA:0,(anonymous_28)
FNDA:0,(anonymous_29)
FNDA:0,(anonymous_30)
FNDA:0,(anonymous_31)
FNDA:0,(anonymous_32)
FNDA:0,(anonymous_33)
FNDA:0,(anonymous_34)
FNDA:0,(anonymous_35)
FNDA:0,(anonymous_36)
FNDA:0,(anonymous_37)
FNDA:0,(anonymous_38)
FNDA:0,(anonymous_39)
FNDA:0,(anonymous_40)
FNDA:0,(anonymous_41)
DA:1,1
DA:2,1
DA:4,1
DA:6,1
DA:7,1
DA:9,0
DA:10,0
DA:19,0
DA:20,0
DA:22,0
DA:25,0
DA:26,0
DA:71,0
DA:104,0
DA:107,0
DA:108,0
DA:110,0
DA:111,0
DA:115,0
DA:118,0
DA:119,0
DA:120,0
DA:122,0
DA:125,0
DA:126,0
DA:131,0
DA:132,0
DA:134,0
DA:136,0
DA:140,0
DA:141,0
DA:143,0
DA:144,0
DA:145,0
DA:152,0
DA:154,0
DA:157,0
DA:158,0
DA:159,0
DA:168,0
DA:169,0
DA:170,0
DA:174,0
DA:175,0
DA:179,0
DA:180,0
DA:189,0
DA:191,0
DA:192,0
DA:200,0
DA:201,0
DA:203,0
DA:205,0
DA:206,0
DA:209,0
DA:210,0
DA:212,0
DA:215,0
DA:224,0
DA:225,0
DA:226,0
DA:230,0
DA:232,0
DA:233,0
DA:243,0
DA:245,0
DA:246,0
DA:254,0
DA:255,0
DA:257,0
DA:259,0
DA:263,0
DA:264,0
DA:266,0
DA:267,0
DA:268,0
DA:275,0
DA:277,0
DA:280,0
DA:281,0
DA:282,0
DA:290,0
DA:291,0
DA:292,0
DA:296,0
DA:297,0
DA:300,0
DA:301,0
DA:309,0
DA:311,0
DA:312,0
DA:320,0
DA:321,0
DA:323,0
DA:325,0
DA:326,0
DA:329,0
DA:330,0
DA:332,0
DA:335,0
DA:343,0
DA:344,0
DA:345,0
DA:349,0
DA:351,0
DA:352,0
DA:360,0
DA:362,0
DA:363,0
DA:371,0
DA:372,0
DA:374,0
DA:376,0
DA:380,0
DA:381,0
DA:383,0
DA:384,0
DA:385,0
DA:392,0
DA:394,0
DA:397,0
DA:398,0
DA:399,0
DA:406,0
DA:407,0
DA:408,0
DA:412,0
DA:413,0
DA:416,0
DA:417,0
DA:424,0
DA:426,0
DA:427,0
DA:435,1
LF:134
LH:6
BRDA:25,0,0,0
BRDA:25,0,1,0
BRDA:107,1,0,0
BRDA:107,1,1,0
BRDA:118,2,0,0
BRDA:118,2,1,0
BRDA:118,3,0,0
BRDA:118,3,1,0
BRDA:118,3,2,0
BRDA:118,4,0,0
BRDA:118,4,1,0
BRDA:143,5,0,0
BRDA:143,5,1,0
BRDA:200,6,0,0
BRDA:200,7,0,0
BRDA:210,8,0,0
BRDA:210,8,1,0
BRDA:210,9,0,0
BRDA:210,9,1,0
BRDA:217,10,0,0
BRDA:217,10,1,0
BRDA:218,11,0,0
BRDA:218,11,1,0
BRDA:266,12,0,0
BRDA:266,12,1,0
BRDA:281,13,0,0
BRDA:281,13,1,0
BRDA:284,14,0,0
BRDA:284,14,1,0
BRDA:320,15,0,0
BRDA:320,16,0,0
BRDA:330,17,0,0
BRDA:330,17,1,0
BRDA:330,18,0,0
BRDA:330,18,1,0
BRDA:337,19,0,0
BRDA:337,19,1,0
BRDA:383,20,0,0
BRDA:383,20,1,0
BRDA:398,21,0,0
BRDA:398,21,1,0
BRF:41
BRH:0
end_of_record
TN:
SF:src/server.js
FN:23,(anonymous_0)
FN:24,(anonymous_1)
FN:32,(anonymous_2)
FNF:3
FNH:0
FNDA:0,(anonymous_0)
FNDA:0,(anonymous_1)
FNDA:0,(anonymous_2)
DA:1,0
DA:2,0
DA:3,0
DA:4,0
DA:5,0
DA:7,0
DA:9,0
DA:17,0
DA:19,0
DA:21,0
DA:23,0
DA:24,0
DA:25,0
DA:26,0
DA:27,0
DA:29,0
DA:30,0
DA:33,0
LF:18
LH:0
BRDA:25,0,0,0
BRDA:25,0,1,0
BRF:2
BRH:0
end_of_record
