{"/Users/prithwish.samanta/workspace/SwiftCloud/services/search-service/src/db.js": {"path":"/Users/prithwish.samanta/workspace/SwiftCloud/services/search-service/src/db.js","statementMap":{"0":{"start":{"line":1,"column":17},"end":{"line":1,"column":36}},"1":{"start":{"line":3,"column":19},"end":{"line":13,"column":2}},"2":{"start":{"line":15,"column":13},"end":{"line":15,"column":47}},"3":{"start":{"line":17,"column":18},"end":{"line":20,"column":1}},"4":{"start":{"line":18,"column":2},"end":{"line":18,"column":65}},"5":{"start":{"line":19,"column":2},"end":{"line":19,"column":38}},"6":{"start":{"line":22,"column":0},"end":{"line":22,"column":37}}},"fnMap":{"0":{"name":"(anonymous_0)","decl":{"start":{"line":17,"column":18},"end":{"line":17,"column":19}},"loc":{"start":{"line":17,"column":30},"end":{"line":20,"column":1}},"line":17}},"branchMap":{},"s":{"0":1,"1":1,"2":1,"3":1,"4":0,"5":0,"6":1},"f":{"0":0},"b":{},"_coverageSchema":"1a1c01bbd47fc00a2c39e90264f33305004495a9","hash":"534ca8622682e3fd07d76d8cc82ea7b7c9b6f0fe"}
,"/Users/prithwish.samanta/workspace/SwiftCloud/services/search-service/src/search-service.js": {"path":"/Users/prithwish.samanta/workspace/SwiftCloud/services/search-service/src/search-service.js","statementMap":{"0":{"start":{"line":1,"column":17},"end":{"line":1,"column":32}},"1":{"start":{"line":3,"column":22},"end":{"line":199,"column":1}},"2":{"start":{"line":5,"column":4},"end":{"line":14,"column":5}},"3":{"start":{"line":6,"column":6},"end":{"line":6,"column":63}},"4":{"start":{"line":8,"column":6},"end":{"line":8,"column":48}},"5":{"start":{"line":9,"column":6},"end":{"line":13,"column":9}},"6":{"start":{"line":18,"column":46},"end":{"line":18,"column":58}},"7":{"start":{"line":19,"column":4},"end":{"line":54,"column":5}},"8":{"start":{"line":20,"column":26},"end":{"line":27,"column":7}},"9":{"start":{"line":29,"column":20},"end":{"line":32,"column":15}},"10":{"start":{"line":34,"column":27},"end":{"line":34,"column":65}},"11":{"start":{"line":36,"column":31},"end":{"line":44,"column":9}},"12":{"start":{"line":36,"column":50},"end":{"line":44,"column":7}},"13":{"start":{"line":46,"column":6},"end":{"line":46,"column":81}},"14":{"start":{"line":48,"column":6},"end":{"line":48,"column":42}},"15":{"start":{"line":49,"column":6},"end":{"line":53,"column":9}},"16":{"start":{"line":58,"column":61},"end":{"line":58,"column":73}},"17":{"start":{"line":59,"column":4},"end":{"line":152,"column":5}},"18":{"start":{"line":60,"column":6},"end":{"line":60,"column":78}},"19":{"start":{"line":62,"column":24},"end":{"line":62,"column":26}},"20":{"start":{"line":63,"column":23},"end":{"line":63,"column":25}},"21":{"start":{"line":65,"column":6},"end":{"line":78,"column":7}},"22":{"start":{"line":66,"column":8},"end":{"line":71,"column":10}},"23":{"start":{"line":72,"column":8},"end":{"line":77,"column":10}},"24":{"start":{"line":81,"column":6},"end":{"line":102,"column":7}},"25":{"start":{"line":82,"column":8},"end":{"line":101,"column":11}},"26":{"start":{"line":83,"column":10},"end":{"line":100,"column":11}},"27":{"start":{"line":85,"column":14},"end":{"line":85,"column":55}},"28":{"start":{"line":86,"column":14},"end":{"line":86,"column":20}},"29":{"start":{"line":88,"column":14},"end":{"line":88,"column":75}},"30":{"start":{"line":89,"column":14},"end":{"line":89,"column":20}},"31":{"start":{"line":91,"column":14},"end":{"line":91,"column":75}},"32":{"start":{"line":92,"column":14},"end":{"line":92,"column":20}},"33":{"start":{"line":94,"column":14},"end":{"line":98,"column":15}},"34":{"start":{"line":95,"column":16},"end":{"line":95,"column":100}},"35":{"start":{"line":97,"column":16},"end":{"line":97,"column":84}},"36":{"start":{"line":99,"column":14},"end":{"line":99,"column":20}},"37":{"start":{"line":104,"column":6},"end":{"line":104,"column":84}},"38":{"start":{"line":106,"column":23},"end":{"line":106,"column":25}},"39":{"start":{"line":107,"column":6},"end":{"line":109,"column":7}},"40":{"start":{"line":108,"column":8},"end":{"line":108,"column":64}},"41":{"start":{"line":111,"column":6},"end":{"line":111,"column":71}},"42":{"start":{"line":113,"column":34},"end":{"line":123,"column":7}},"43":{"start":{"line":125,"column":20},"end":{"line":125,"column":61}},"44":{"start":{"line":127,"column":6},"end":{"line":127,"column":49}},"45":{"start":{"line":129,"column":27},"end":{"line":129,"column":65}},"46":{"start":{"line":131,"column":6},"end":{"line":131,"column":52}},"47":{"start":{"line":133,"column":31},"end":{"line":142,"column":9}},"48":{"start":{"line":133,"column":50},"end":{"line":142,"column":7}},"49":{"start":{"line":144,"column":6},"end":{"line":144,"column":81}},"50":{"start":{"line":146,"column":6},"end":{"line":146,"column":51}},"51":{"start":{"line":147,"column":6},"end":{"line":151,"column":9}},"52":{"start":{"line":156,"column":33},"end":{"line":156,"column":45}},"53":{"start":{"line":157,"column":4},"end":{"line":197,"column":5}},"54":{"start":{"line":158,"column":27},"end":{"line":158,"column":55}},"55":{"start":{"line":159,"column":26},"end":{"line":187,"column":8}},"56":{"start":{"line":189,"column":6},"end":{"line":189,"column":38}},"57":{"start":{"line":191,"column":6},"end":{"line":191,"column":48}},"58":{"start":{"line":192,"column":6},"end":{"line":196,"column":9}},"59":{"start":{"line":201,"column":0},"end":{"line":201,"column":31}}},"fnMap":{"0":{"name":"(anonymous_0)","decl":{"start":{"line":4,"column":15},"end":{"line":4,"column":16}},"loc":{"start":{"line":4,"column":41},"end":{"line":15,"column":3}},"line":4},"1":{"name":"(anonymous_1)","decl":{"start":{"line":17,"column":10},"end":{"line":17,"column":11}},"loc":{"start":{"line":17,"column":36},"end":{"line":55,"column":3}},"line":17},"2":{"name":"(anonymous_2)","decl":{"start":{"line":36,"column":41},"end":{"line":36,"column":42}},"loc":{"start":{"line":36,"column":50},"end":{"line":44,"column":7}},"line":36},"3":{"name":"(anonymous_3)","decl":{"start":{"line":57,"column":18},"end":{"line":57,"column":19}},"loc":{"start":{"line":57,"column":44},"end":{"line":153,"column":3}},"line":57},"4":{"name":"(anonymous_4)","decl":{"start":{"line":82,"column":24},"end":{"line":82,"column":25}},"loc":{"start":{"line":82,"column":34},"end":{"line":101,"column":9}},"line":82},"5":{"name":"(anonymous_5)","decl":{"start":{"line":133,"column":41},"end":{"line":133,"column":42}},"loc":{"start":{"line":133,"column":50},"end":{"line":142,"column":7}},"line":133},"6":{"name":"(anonymous_6)","decl":{"start":{"line":155,"column":16},"end":{"line":155,"column":17}},"loc":{"start":{"line":155,"column":42},"end":{"line":198,"column":3}},"line":155}},"branchMap":{"0":{"loc":{"start":{"line":18,"column":19},"end":{"line":18,"column":29}},"type":"default-arg","locations":[{"start":{"line":18,"column":27},"end":{"line":18,"column":29}}],"line":18},"1":{"loc":{"start":{"line":18,"column":31},"end":{"line":18,"column":41}},"type":"default-arg","locations":[{"start":{"line":18,"column":40},"end":{"line":18,"column":41}}],"line":18},"2":{"loc":{"start":{"line":58,"column":34},"end":{"line":58,"column":44}},"type":"default-arg","locations":[{"start":{"line":58,"column":42},"end":{"line":58,"column":44}}],"line":58},"3":{"loc":{"start":{"line":58,"column":46},"end":{"line":58,"column":56}},"type":"default-arg","locations":[{"start":{"line":58,"column":55},"end":{"line":58,"column":56}}],"line":58},"4":{"loc":{"start":{"line":65,"column":6},"end":{"line":78,"column":7}},"type":"if","locations":[{"start":{"line":65,"column":6},"end":{"line":78,"column":7}},{"start":{},"end":{}}],"line":65},"5":{"loc":{"start":{"line":65,"column":10},"end":{"line":65,"column":38}},"type":"binary-expr","locations":[{"start":{"line":65,"column":10},"end":{"line":65,"column":15}},{"start":{"line":65,"column":19},"end":{"line":65,"column":38}}],"line":65},"6":{"loc":{"start":{"line":81,"column":6},"end":{"line":102,"column":7}},"type":"if","locations":[{"start":{"line":81,"column":6},"end":{"line":102,"column":7}},{"start":{},"end":{}}],"line":81},"7":{"loc":{"start":{"line":81,"column":10},"end":{"line":81,"column":39}},"type":"binary-expr","locations":[{"start":{"line":81,"column":10},"end":{"line":81,"column":17}},{"start":{"line":81,"column":21},"end":{"line":81,"column":39}}],"line":81},"8":{"loc":{"start":{"line":83,"column":10},"end":{"line":100,"column":11}},"type":"switch","locations":[{"start":{"line":84,"column":12},"end":{"line":86,"column":20}},{"start":{"line":87,"column":12},"end":{"line":89,"column":20}},{"start":{"line":90,"column":12},"end":{"line":92,"column":20}},{"start":{"line":93,"column":12},"end":{"line":99,"column":20}}],"line":83},"9":{"loc":{"start":{"line":94,"column":14},"end":{"line":98,"column":15}},"type":"if","locations":[{"start":{"line":94,"column":14},"end":{"line":98,"column":15}},{"start":{"line":96,"column":21},"end":{"line":98,"column":15}}],"line":94},"10":{"loc":{"start":{"line":107,"column":6},"end":{"line":109,"column":7}},"type":"if","locations":[{"start":{"line":107,"column":6},"end":{"line":109,"column":7}},{"start":{},"end":{}}],"line":107},"11":{"loc":{"start":{"line":107,"column":10},"end":{"line":107,"column":28}},"type":"binary-expr","locations":[{"start":{"line":107,"column":10},"end":{"line":107,"column":14}},{"start":{"line":107,"column":18},"end":{"line":107,"column":28}}],"line":107},"12":{"loc":{"start":{"line":108,"column":33},"end":{"line":108,"column":63}},"type":"cond-expr","locations":[{"start":{"line":108,"column":57},"end":{"line":108,"column":59}},{"start":{"line":108,"column":62},"end":{"line":108,"column":63}}],"line":108},"13":{"loc":{"start":{"line":116,"column":27},"end":{"line":118,"column":15}},"type":"cond-expr","locations":[{"start":{"line":117,"column":14},"end":{"line":117,"column":68}},{"start":{"line":118,"column":14},"end":{"line":118,"column":15}}],"line":116},"14":{"loc":{"start":{"line":116,"column":27},"end":{"line":116,"column":55}},"type":"binary-expr","locations":[{"start":{"line":116,"column":27},"end":{"line":116,"column":32}},{"start":{"line":116,"column":36},"end":{"line":116,"column":55}}],"line":116},"15":{"loc":{"start":{"line":120,"column":17},"end":{"line":120,"column":71}},"type":"cond-expr","locations":[{"start":{"line":120,"column":35},"end":{"line":120,"column":45}},{"start":{"line":120,"column":48},"end":{"line":120,"column":71}}],"line":120},"16":{"loc":{"start":{"line":156,"column":19},"end":{"line":156,"column":28}},"type":"default-arg","locations":[{"start":{"line":156,"column":27},"end":{"line":156,"column":28}}],"line":156}},"s":{"0":1,"1":1,"2":1,"3":1,"4":0,"5":0,"6":0,"7":0,"8":0,"9":0,"10":0,"11":0,"12":0,"13":0,"14":0,"15":0,"16":0,"17":0,"18":0,"19":0,"20":0,"21":0,"22":0,"23":0,"24":0,"25":0,"26":0,"27":0,"28":0,"29":0,"30":0,"31":0,"32":0,"33":0,"34":0,"35":0,"36":0,"37":0,"38":0,"39":0,"40":0,"41":0,"42":0,"43":0,"44":0,"45":0,"46":0,"47":0,"48":0,"49":0,"50":0,"51":0,"52":0,"53":0,"54":0,"55":0,"56":0,"57":0,"58":0,"59":1},"f":{"0":1,"1":0,"2":0,"3":0,"4":0,"5":0,"6":0},"b":{"0":[0],"1":[0],"2":[0],"3":[0],"4":[0,0],"5":[0,0],"6":[0,0],"7":[0,0],"8":[0,0,0,0],"9":[0,0],"10":[0,0],"11":[0,0],"12":[0,0],"13":[0,0],"14":[0,0],"15":[0,0],"16":[0]},"_coverageSchema":"1a1c01bbd47fc00a2c39e90264f33305004495a9","hash":"f147472d27fffa566af7e3a2fbf112223bbc1b28"}
,"/Users/prithwish.samanta/workspace/SwiftCloud/services/search-service/src/server.js": {"path":"/Users/prithwish.samanta/workspace/SwiftCloud/services/search-service/src/server.js","statementMap":{"0":{"start":{"line":1,"column":13},"end":{"line":1,"column":37}},"1":{"start":{"line":2,"column":20},"end":{"line":2,"column":49}},"2":{"start":{"line":3,"column":13},"end":{"line":3,"column":28}},"3":{"start":{"line":4,"column":22},"end":{"line":4,"column":49}},"4":{"start":{"line":5,"column":22},"end":{"line":5,"column":37}},"5":{"start":{"line":7,"column":19},"end":{"line":7,"column":73}},"6":{"start":{"line":9,"column":26},"end":{"line":15,"column":2}},"7":{"start":{"line":17,"column":20},"end":{"line":17,"column":72}},"8":{"start":{"line":19,"column":15},"end":{"line":19,"column":32}},"9":{"start":{"line":21,"column":0},"end":{"line":21,"column":68}},"10":{"start":{"line":23,"column":0},"end":{"line":34,"column":3}},"11":{"start":{"line":24,"column":2},"end":{"line":31,"column":5}},"12":{"start":{"line":25,"column":4},"end":{"line":28,"column":5}},"13":{"start":{"line":26,"column":6},"end":{"line":26,"column":25}},"14":{"start":{"line":27,"column":6},"end":{"line":27,"column":13}},"15":{"start":{"line":29,"column":4},"end":{"line":29,"column":58}},"16":{"start":{"line":30,"column":4},"end":{"line":30,"column":19}},"17":{"start":{"line":33,"column":2},"end":{"line":33,"column":54}}},"fnMap":{"0":{"name":"(anonymous_0)","decl":{"start":{"line":23,"column":17},"end":{"line":23,"column":18}},"loc":{"start":{"line":23,"column":23},"end":{"line":32,"column":1}},"line":23},"1":{"name":"(anonymous_1)","decl":{"start":{"line":24,"column":76},"end":{"line":24,"column":77}},"loc":{"start":{"line":24,"column":91},"end":{"line":31,"column":3}},"line":24},"2":{"name":"(anonymous_2)","decl":{"start":{"line":32,"column":9},"end":{"line":32,"column":10}},"loc":{"start":{"line":32,"column":16},"end":{"line":34,"column":1}},"line":32}},"branchMap":{"0":{"loc":{"start":{"line":25,"column":4},"end":{"line":28,"column":5}},"type":"if","locations":[{"start":{"line":25,"column":4},"end":{"line":28,"column":5}},{"start":{},"end":{}}],"line":25}},"s":{"0":0,"1":0,"2":0,"3":0,"4":0,"5":0,"6":0,"7":0,"8":0,"9":0,"10":0,"11":0,"12":0,"13":0,"14":0,"15":0,"16":0,"17":0},"f":{"0":0,"1":0,"2":0},"b":{"0":[0,0]}}
}
