TN:
SF:src/db.js
FN:17,(anonymous_0)
FNF:1
FNH:0
FNDA:0,(anonymous_0)
DA:1,1
DA:3,1
DA:15,1
DA:17,1
DA:18,0
DA:19,0
DA:22,1
LF:7
LH:5
BRF:0
BRH:0
end_of_record
TN:
SF:src/search-service.js
FN:4,(anonymous_0)
FN:17,(anonymous_1)
FN:36,(anonymous_2)
FN:57,(anonymous_3)
FN:82,(anonymous_4)
FN:133,(anonymous_5)
FN:155,(anonymous_6)
FNF:7
FNH:1
FNDA:1,(anonymous_0)
FNDA:0,(anonymous_1)
FNDA:0,(anonymous_2)
FNDA:0,(anonymous_3)
FNDA:0,(anonymous_4)
FNDA:0,(anonymous_5)
FNDA:0,(anonymous_6)
DA:1,1
DA:3,1
DA:5,1
DA:6,1
DA:8,0
DA:9,0
DA:18,0
DA:19,0
DA:20,0
DA:29,0
DA:34,0
DA:36,0
DA:46,0
DA:48,0
DA:49,0
DA:58,0
DA:59,0
DA:60,0
DA:62,0
DA:63,0
DA:65,0
DA:66,0
DA:72,0
DA:81,0
DA:82,0
DA:83,0
DA:85,0
DA:86,0
DA:88,0
DA:89,0
DA:91,0
DA:92,0
DA:94,0
DA:95,0
DA:97,0
DA:99,0
DA:104,0
DA:106,0
DA:107,0
DA:108,0
DA:111,0
DA:113,0
DA:125,0
DA:127,0
DA:129,0
DA:131,0
DA:133,0
DA:144,0
DA:146,0
DA:147,0
DA:156,0
DA:157,0
DA:158,0
DA:159,0
DA:189,0
DA:191,0
DA:192,0
DA:201,1
LF:58
LH:5
BRDA:18,0,0,0
BRDA:18,1,0,0
BRDA:58,2,0,0
BRDA:58,3,0,0
BRDA:65,4,0,0
BRDA:65,4,1,0
BRDA:65,5,0,0
BRDA:65,5,1,0
BRDA:81,6,0,0
BRDA:81,6,1,0
BRDA:81,7,0,0
BRDA:81,7,1,0
BRDA:83,8,0,0
BRDA:83,8,1,0
BRDA:83,8,2,0
BRDA:83,8,3,0
BRDA:94,9,0,0
BRDA:94,9,1,0
BRDA:107,10,0,0
BRDA:107,10,1,0
BRDA:107,11,0,0
BRDA:107,11,1,0
BRDA:108,12,0,0
BRDA:108,12,1,0
BRDA:116,13,0,0
BRDA:116,13,1,0
BRDA:116,14,0,0
BRDA:116,14,1,0
BRDA:120,15,0,0
BRDA:120,15,1,0
BRDA:156,16,0,0
BRF:31
BRH:0
end_of_record
TN:
SF:src/server.js
FN:23,(anonymous_0)
FN:24,(anonymous_1)
FN:32,(anonymous_2)
FNF:3
FNH:0
FNDA:0,(anonymous_0)
FNDA:0,(anonymous_1)
FNDA:0,(anonymous_2)
DA:1,0
DA:2,0
DA:3,0
DA:4,0
DA:5,0
DA:7,0
DA:9,0
DA:17,0
DA:19,0
DA:21,0
DA:23,0
DA:24,0
DA:25,0
DA:26,0
DA:27,0
DA:29,0
DA:30,0
DA:33,0
LF:18
LH:0
BRDA:25,0,0,0
BRDA:25,0,1,0
BRF:2
BRH:0
end_of_record
